<?xml version="1.0" encoding="UTF-8"?>
<testsuite xmlns:xsi="http://www.w3.org/2001/XMLSchema-instance" xsi:noNamespaceSchemaLocation="https://maven.apache.org/surefire/maven-surefire-plugin/xsd/surefire-test-report.xsd" name="com.example.RunnerIt" time="123.41" tests="9" errors="0" skipped="0" failures="0">
  <properties>
[...]
</properties>
  <testcase name="Given I navigated to moneygaming.com" classname="Scenario: JOIN Now into Moneygaming website" time="0.002"/>
  <testcase name="When I click on JOIN NOW Link" classname="Scenario: JOIN Now into Moneygaming website" time="0"/>
  <testcase name="And I Select a title as &quot;Mr&quot; from the dropdown" classname="Scenario: JOIN Now into Moneygaming website" time="0"/>
  <testcase name="And I Enter your first name as &quot;John&quot; in the form" classname="Scenario: JOIN Now into Moneygaming website" time="0"/>
  <testcase name="And I Enter your sure name as &quot;Paul&quot;  in the form" classname="Scenario: JOIN Now into Moneygaming website" time="0"/>
  <testcase name="And I Check the tickbox with text I accept the Terms and Conditions and certify that I am ove the age of 18" classname="Scenario: JOIN Now into Moneygaming website" time="0"/>
  <testcase name="And I Submit the form by clicking the JOIN NOW button" classname="Scenario: JOIN Now into Moneygaming website" time="0"/>
  <testcase name="Then I Validate that a validation message with text &quot;This field is required&quot; appears under the date of   birth box" classname="Scenario: JOIN Now into Moneygaming website" time="0"/>
  <testcase name="Scenario: JOIN Now into Moneygaming website" classname="Scenario: JOIN Now into Moneygaming website" time="1.334"/>
</testsuite>